<?xml version="1.0" encoding="UTF-8" ?>
<testsuite failures="0" time="0.031" errors="0" skipped="1" tests="12" name="de.hybris.platform.impexgen.velocity.RenderedRowFactoryTest">
  <properties>
    <property name="java.runtime.name" value="Java(TM) SE Runtime Environment"/>
    <property name="sun.boot.library.path" value="c:\Tools\jdk1.7.0\jre\bin"/>
    <property name="java.vm.version" value="23.7-b01"/>
    <property name="user.country.format" value="PL"/>
    <property name="java.vm.vendor" value="Oracle Corporation"/>
    <property name="java.vendor.url" value="http://java.oracle.com/"/>
    <property name="path.separator" value=";"/>
    <property name="guice.disable.misplaced.annotation.check" value="true"/>
    <property name="java.vm.name" value="Java HotSpot(TM) 64-Bit Server VM"/>
    <property name="file.encoding.pkg" value="sun.io"/>
    <property name="user.script" value=""/>
    <property name="user.country" value="US"/>
    <property name="sun.java.launcher" value="SUN_STANDARD"/>
    <property name="sun.os.patch.level" value="Service Pack 1"/>
    <property name="java.vm.specification.name" value="Java Virtual Machine Specification"/>
    <property name="user.dir" value="f:\github\impex-generator"/>
    <property name="java.runtime.version" value="1.7.0_15-b03"/>
    <property name="java.awt.graphicsenv" value="sun.awt.Win32GraphicsEnvironment"/>
    <property name="java.endorsed.dirs" value="c:\Tools\jdk1.7.0\jre\lib\endorsed"/>
    <property name="os.arch" value="amd64"/>
    <property name="java.io.tmpdir" value="C:\Users\MARIUS~1.DON\AppData\Local\Temp\"/>
    <property name="line.separator" value="
"/>
    <property name="java.vm.specification.vendor" value="Oracle Corporation"/>
    <property name="user.variant" value=""/>
    <property name="os.name" value="Windows 7"/>
    <property name="classworlds.conf" value="c:\Tools\apache-maven-3.0.5\bin\m2.conf"/>
    <property name="sun.jnu.encoding" value="Cp1250"/>
    <property name="java.library.path" value="c:\Tools\jdk1.7.0\bin;C:\Windows\Sun\Java\bin;C:\Windows\system32;C:\Windows;C:\Tools\Subversion Client;C:\Program Files\Common Files\Microsoft Shared\Windows Live;C:\Program Files (x86)\Common Files\Microsoft Shared\Windows Live;C:\Windows\system32;C:\Windows;C:\Windows\System32\Wbem;C:\Windows\System32\WindowsPowerShell\v1.0\;C:\Program Files\WIDCOMM\Bluetooth Software\;C:\Program Files\WIDCOMM\Bluetooth Software\syswow64;C:\Program Files\Intel\WiFi\bin\;C:\Program Files\Common Files\Intel\WirelessCommon\;C:\Program Files\Intel\DMIX;C:\Program Files (x86)\NTRU Cryptosystems\NTRU TCG Software Stack\bin\;C:\Program Files\NTRU Cryptosystems\NTRU TCG Software Stack\bin\;C:\Program Files (x86)\Intel\Services\IPT\;C:\Program Files\Dell\Dell Data Protection\Access\Advanced\Wave\Gemalto\Access Client\v5\;C:\Program Files (x86)\Windows Live\Shared;C:\Program Files (x86)\Common Files\Roxio Shared\OEM\DLLShared\;C:\Program Files (x86)\Common Files\Roxio Shared\OEM\DLLShared\;C:\Program Files (x86)\Common Files\Roxio Shared\OEM\12.0\DLLShared\;C:\Program Files (x86)\Roxio\OEM\AudioCore\;%JAVA_HOME%\bin\java.exe;C:\Tools\tortoiseSVN\bin;C:\Tools\tortoiseGIT\bin;C:\Tools\Git\cmd;c:\Program Files (x86)\Growl for Windows\;C:\Tools\TortoiseHg\;C:\Tools\sbt\;C:\Program Files (x86)\SQLServer\110\Tools\Binn\;C:\Tools\SQLServer\110\Tools\Binn\;C:\Tools\SQLServer\110\DTS\Binn\;F:\nodejs\;C:\Program Files\OpenVPN\bin;C:\Program Files (x86)\OpenVPN\bin;c:\Tools\apache-maven-3.0.5/bin;c:\Tools\jdk1.7.0\bin;C:\Users\mariusz.donigiewicz\AppData\Roaming\npm;."/>
    <property name="java.specification.name" value="Java Platform API Specification"/>
    <property name="java.class.version" value="51.0"/>
    <property name="sun.management.compiler" value="HotSpot 64-Bit Tiered Compilers"/>
    <property name="os.version" value="6.1"/>
    <property name="user.home" value="C:\Users\mariusz.donigiewicz"/>
    <property name="user.timezone" value="Europe/Berlin"/>
    <property name="java.awt.printerjob" value="sun.awt.windows.WPrinterJob"/>
    <property name="java.specification.version" value="1.7"/>
    <property name="file.encoding" value="Cp1250"/>
    <property name="user.name" value="mariusz.donigiewicz"/>
    <property name="java.class.path" value="c:\Tools\apache-maven-3.0.5\boot\plexus-classworlds-2.4.jar"/>
    <property name="java.vm.specification.version" value="1.7"/>
    <property name="sun.arch.data.model" value="64"/>
    <property name="java.home" value="c:\Tools\jdk1.7.0\jre"/>
    <property name="sun.java.command" value="org.codehaus.plexus.classworlds.launcher.Launcher clean install"/>
    <property name="java.specification.vendor" value="Oracle Corporation"/>
    <property name="user.language" value="en"/>
    <property name="user.language.format" value="pl"/>
    <property name="awt.toolkit" value="sun.awt.windows.WToolkit"/>
    <property name="java.vm.info" value="mixed mode"/>
    <property name="java.version" value="1.7.0_15"/>
    <property name="java.ext.dirs" value="c:\Tools\jdk1.7.0\jre\lib\ext;C:\Windows\Sun\Java\lib\ext"/>
    <property name="sun.boot.class.path" value="c:\Tools\jdk1.7.0\jre\lib\resources.jar;c:\Tools\jdk1.7.0\jre\lib\rt.jar;c:\Tools\jdk1.7.0\jre\lib\sunrsasign.jar;c:\Tools\jdk1.7.0\jre\lib\jsse.jar;c:\Tools\jdk1.7.0\jre\lib\jce.jar;c:\Tools\jdk1.7.0\jre\lib\charsets.jar;c:\Tools\jdk1.7.0\jre\lib\jfr.jar;c:\Tools\jdk1.7.0\jre\classes"/>
    <property name="java.vendor" value="Oracle Corporation"/>
    <property name="maven.home" value="c:\Tools\apache-maven-3.0.5"/>
    <property name="file.separator" value="\"/>
    <property name="java.vendor.url.bug" value="http://bugreport.sun.com/bugreport/"/>
    <property name="sun.cpu.endian" value="little"/>
    <property name="sun.io.unicode.encoding" value="UnicodeLittle"/>
    <property name="sun.desktop" value="windows"/>
    <property name="sun.cpu.isalist" value="amd64"/>
  </properties>
  <testcase time="0.006" classname="de.hybris.platform.impexgen.velocity.RenderedRowFactoryTest" name="testKeyOrder">
    <skipped/>
  </testcase>
  <testcase time="0" classname="de.hybris.platform.impexgen.velocity.RenderedRowFactoryTest" name="testMergeExistingWithDesciminatorNotApplying"/>
  <testcase time="0" classname="de.hybris.platform.impexgen.velocity.RenderedRowFactoryTest" name="testInvalidKeyACommentWithAddon"/>
  <testcase time="0" classname="de.hybris.platform.impexgen.velocity.RenderedRowFactoryTest" name="testMergeExistingWithDesciminatorApplying"/>
  <testcase time="0" classname="de.hybris.platform.impexgen.velocity.RenderedRowFactoryTest" name="testAddForEmptyContinerWithDescriminatorNotApplying"/>
  <testcase time="0.023" classname="de.hybris.platform.impexgen.velocity.RenderedRowFactoryTest" name="testAddForEmptyContinerWithDescriminatorApplying"/>
  <testcase time="0" classname="de.hybris.platform.impexgen.velocity.RenderedRowFactoryTest" name="testAddForNonEmptyContinerWithDescriminatorApplying"/>
  <testcase time="0" classname="de.hybris.platform.impexgen.velocity.RenderedRowFactoryTest" name="testAddForNonEmptyContinerWithDescriminatorNotApplying"/>
  <testcase time="0" classname="de.hybris.platform.impexgen.velocity.RenderedRowFactoryTest" name="testAddForEmptyContiner"/>
  <testcase time="0" classname="de.hybris.platform.impexgen.velocity.RenderedRowFactoryTest" name="testAddForNonEmptyContiner"/>
  <testcase time="0" classname="de.hybris.platform.impexgen.velocity.RenderedRowFactoryTest" name="testMergeExisting"/>
  <testcase time="0" classname="de.hybris.platform.impexgen.velocity.RenderedRowFactoryTest" name="testInvalidKeyAComment"/>
</testsuite>