<?xml version="1.0" encoding="UTF-8"?>
<!-- [y] hybris Platform Copyright (c) 2000-2011 hybris AG All rights reserved. 
	This software is the confidential and proprietary information of hybris ("Confidential 
	Information"). You shall not disclose such Confidential Information and shall 
	use it only in accordance with the terms of the license agreement you entered 
	into with hybris. -->

<beans xmlns="http://www.springframework.org/schema/beans"
	xmlns:xsi="http://www.w3.org/2001/XMLSchema-instance" xmlns:aop="http://www.springframework.org/schema/aop"
	 xmlns:util="http://www.springframework.org/schema/util"
	xsi:schemaLocation="http://www.springframework.org/schema/beans
           http://www.springframework.org/schema/beans/spring-beans-3.1.xsd
           http://www.springframework.org/schema/util
           http://www.springframework.org/schema/util/spring-util-3.1.xsd
           http://www.springframework.org/schema/aop
           http://www.springframework.org/schema/aop/spring-aop-3.1.xsd">


	<bean id="localeResolver" 			class="de.hybris.platform.impexgen.velocity.locale.DefaultLocaleResolver" />

	<bean id="impexGeneratorBean"
		class="de.hybris.platform.impexgen.velocity.DefaultLocalizedImpexesGenerator" scope="prototype">
		<property name="localeResolverInstance" ref="localeResolver"/>
		<property name="scriptUrlContextFactory">
			<bean class="de.hybris.platform.impexgen.velocity.resource.url.DefaultScriptUrlContextFactory" />
		</property>
		<property name="velocityContextConfigurer" ref="velocityContextConfigurerRemove"/>
		<lookup-method name="getVelocityExecutor" bean="velocityExecutor" />
	</bean>

	<bean id="velocityContextConfigurerRemove" class="de.hybris.platform.impexgen.velocity.core.DefaultVelocityContextConfigurer">
		<property name="localeResolver" ref="localeResolver"/>
		<property name="propertyEvaluatorFactory" ref="propertyEvaluatorRemove"/>
		<property name="properties">
			<map>					
				<entry key="esc">					
						<bean  class="org.apache.velocity.tools.generic.EscapeTool" />
				</entry>
				<!-- to do use PropertyPlaceholderConfigurer  -->
				<entry key="header" value="#******************************This file is generated - please do not edit it. It will be regenerated after every build.********************************#"/>				
			</map>			
		</property>
	</bean>
	
	<bean id="velocityContextConfigurerAbort" parent="velocityContextConfigurerRemove">
		<property name="propertyEvaluatorFactory" ref="propertyEvaluatorAbort"/>
	</bean>
	
	
	<bean id="velocityEngineConfigurer" class="de.hybris.platform.impexgen.velocity.core.DefaultVelocityEngineConfigurer">
		<property name="properties">
			<map>					
				<entry>
					<key><util:constant static-field="org.apache.velocity.runtime.RuntimeConstants.RUNTIME_LOG_LOGSYSTEM_CLASS"/></key>
					<value>org.apache.velocity.runtime.log.Log4JLogChute</value>
				</entry>
				<entry>
					<key><util:constant static-field="org.apache.velocity.runtime.log.Log4JLogChute.RUNTIME_LOG_LOG4J_LOGGER"/></key>
					<value>CONSOLE</value>
				</entry>
				<entry>
					<key><util:constant static-field="org.apache.velocity.runtime.log.Log4JLogChute.RUNTIME_LOG_LOG4J_LOGGER_LEVEL"/></key>
					<value>WARN</value>
				</entry>
				<entry key="unicode" value="true" />				
				<entry key="input.encoding" value="UTF-8" />				
				<entry key="output.encoding" value="UTF-8" />				
				<entry key="eventhandler.invalidreferences.class" value="de.hybris.platform.impexgen.velocity.handler.LogMissingAttributeInvalidReferenceEventHandler" />
			</map>
		</property>
	</bean>
	

	<bean id="propertyEvaluatorRemove"
		class="de.hybris.platform.impexgen.velocity.eval.DefaultPropertyEvaluatorFactory">
		<property name="propertyFileMissingHandler">
			<bean
				class="de.hybris.platform.impexgen.velocity.resource.RemoveTargetFileMissingHandler" />
		</property>
		<lookup-method  name="getRowsEvaluator" bean="rowsEvaluator"  />		
	</bean>

	<bean id="propertyEvaluatorAbort"
		class="de.hybris.platform.impexgen.velocity.eval.DefaultPropertyEvaluatorFactory">
		<property name="propertyFileMissingHandler">
			<bean
				class="de.hybris.platform.impexgen.velocity.resource.AbortPropertyFileMissingHandler" />
		</property>
		<lookup-method  name="getRowsEvaluator" bean="rowsEvaluator"  />
	</bean>
	
	
	<bean id="readWriteHandler" class="de.hybris.platform.impexgen.velocity.resource.store.DefaultScriptReadWriteHandler"/>
	
	<bean id="velocityExecutor" class="de.hybris.platform.impexgen.velocity.VelocityExecutor" scope="prototype" >
		<property name="velocityEngineConfigurer" ref="velocityEngineConfigurer"/>
		<property name="readWriteHandler" ref="readWriteHandler"/>
	</bean>

	
	<bean id="rowsEvaluator"
		class="de.hybris.platform.impexgen.velocity.eval.DefaultRowsEvaluator" scope="prototype">
		<property name="rowsComparator">
			<bean
				class="de.hybris.platform.impexgen.velocity.eval.key.DefaultKeyComparator" />
		</property>
		<property name="keyEvaluator">
			<bean			class="de.hybris.platform.impexgen.velocity.eval.key.CutOffEdgesKeyEvaluator" >
				<property name="keySeparator" value="."/>
			</bean>
		</property>

	</bean>

</beans>
